# JRE version: Java(TM) SE Runtime Environment (17.0.6+9) (build 17.0.6+9-LTS-190)
# Java VM: Java HotSpot(TM) 64-Bit Server VM (17.0.6+9-LTS-190, mixed mode, emulated-client, sharing, tiered, compressed oops, compressed class ptrs, g1 gc, windows-amd64)
GC Precious Log:
 CPUs: 4 total, 4 available
 Memory: 8143M
 Large Page Support: Disabled
 NUMA Support: Disabled
 Compressed Oops: Enabled (32-bit)
 Heap Region Size: 1M
 Heap Min Capacity: 8M
 Heap Initial Capacity: 128M
 Heap Max Capacity: 2036M
 Pre-touch: Disabled
 Parallel Workers: 4
 Concurrent Workers: 1
 Concurrent Refinement Workers: 4
 Periodic GC: Disabled
Heap:
 garbage-first heap   total 96256K, used 36028K [0x0000000080c00000, 0x0000000100000000)
  region size 1024K, 13 young (13312K), 7 survivors (7168K)
 Metaspace       used 54237K, committed 54720K, reserved 1097728K
  class space    used 7578K, committed 7808K, reserved 1048576K
GC Heap History (20 events):
Event: 5.094 GC heap before
{Heap before GC invocations=3 (full 0):
 garbage-first heap   total 131072K, used 84344K [0x0000000080c00000, 0x0000000100000000)
  region size 1024K, 74 young (75776K), 3 survivors (3072K)
 Metaspace       used 19571K, committed 19904K, reserved 1073152K
  class space    used 2590K, committed 2752K, reserved 1048576K
}
Event: 5.106 GC heap after
{Heap after GC invocations=4 (full 0):
 garbage-first heap   total 131072K, used 17345K [0x0000000080c00000, 0x0000000100000000)
  region size 1024K, 9 young (9216K), 9 survivors (9216K)
 Metaspace       used 19571K, committed 19904K, reserved 1073152K
  class space    used 2590K, committed 2752K, reserved 1048576K
}
Event: 5.608 GC heap before
{Heap before GC invocations=4 (full 0):
 garbage-first heap   total 131072K, used 35777K [0x0000000080c00000, 0x0000000100000000)
  region size 1024K, 28 young (28672K), 9 survivors (9216K)
 Metaspace       used 21184K, committed 21504K, reserved 1073152K
  class space    used 2841K, committed 3008K, reserved 1048576K
}
Event: 5.621 GC heap after
{Heap after GC invocations=5 (full 0):
 garbage-first heap   total 131072K, used 18090K [0x0000000080c00000, 0x0000000100000000)
  region size 1024K, 2 young (2048K), 2 survivors (2048K)
 Metaspace       used 21184K, committed 21504K, reserved 1073152K
  class space    used 2841K, committed 3008K, reserved 1048576K
}
Event: 7.150 GC heap before
{Heap before GC invocations=6 (full 0):
 garbage-first heap   total 65536K, used 53930K [0x0000000080c00000, 0x0000000100000000)
  region size 1024K, 38 young (38912K), 2 survivors (2048K)
 Metaspace       used 24820K, committed 25088K, reserved 1073152K
  class space    used 3539K, committed 3648K, reserved 1048576K
}
Event: 7.157 GC heap after
{Heap after GC invocations=7 (full 0):
 garbage-first heap   total 65536K, used 20016K [0x0000000080c00000, 0x0000000100000000)
  region size 1024K, 4 young (4096K), 4 survivors (4096K)
 Metaspace       used 24820K, committed 25088K, reserved 1073152K
  class space    used 3539K, committed 3648K, reserved 1048576K
}
Event: 7.178 GC heap before
{Heap before GC invocations=7 (full 0):
 garbage-first heap   total 65536K, used 21040K [0x0000000080c00000, 0x0000000100000000)
  region size 1024K, 5 young (5120K), 4 survivors (4096K)
 Metaspace       used 24968K, committed 25280K, reserved 1073152K
  class space    used 3560K, committed 3712K, reserved 1048576K
}
Event: 7.185 GC heap after
{Heap after GC invocations=8 (full 0):
 garbage-first heap   total 65536K, used 20102K [0x0000000080c00000, 0x0000000100000000)
  region size 1024K, 1 young (1024K), 1 survivors (1024K)
 Metaspace       used 24968K, committed 25280K, reserved 1073152K
  class space    used 3560K, committed 3712K, reserved 1048576K
}
Event: 7.990 GC heap before
{Heap before GC invocations=8 (full 0):
 garbage-first heap   total 65536K, used 45702K [0x0000000080c00000, 0x0000000100000000)
  region size 1024K, 27 young (27648K), 1 survivors (1024K)
 Metaspace       used 27959K, committed 28288K, reserved 1081344K
  class space    used 3955K, committed 4096K, reserved 1048576K
}
Event: 7.997 GC heap after
{Heap after GC invocations=9 (full 0):
 garbage-first heap   total 65536K, used 21504K [0x0000000080c00000, 0x0000000100000000)
  region size 1024K, 2 young (2048K), 2 survivors (2048K)
 Metaspace       used 27959K, committed 28288K, reserved 1081344K
  class space    used 3955K, committed 4096K, reserved 1048576K
}
Event: 8.800 GC heap before
{Heap before GC invocations=9 (full 0):
 garbage-first heap   total 65536K, used 48128K [0x0000000080c00000, 0x0000000100000000)
  region size 1024K, 28 young (28672K), 2 survivors (2048K)
 Metaspace       used 30694K, committed 31104K, reserved 1081344K
  class space    used 4377K, committed 4544K, reserved 1048576K
}
Event: 8.809 GC heap after
{Heap after GC invocations=10 (full 0):
 garbage-first heap   total 65536K, used 23203K [0x0000000080c00000, 0x0000000100000000)
  region size 1024K, 4 young (4096K), 4 survivors (4096K)
 Metaspace       used 30694K, committed 31104K, reserved 1081344K
  class space    used 4377K, committed 4544K, reserved 1048576K
}
Event: 9.633 GC heap before
{Heap before GC invocations=10 (full 0):
 garbage-first heap   total 65536K, used 50851K [0x0000000080c00000, 0x0000000100000000)
  region size 1024K, 30 young (30720K), 4 survivors (4096K)
 Metaspace       used 33136K, committed 33600K, reserved 1081344K
  class space    used 4675K, committed 4928K, reserved 1048576K
}
Event: 9.647 GC heap after
{Heap after GC invocations=11 (full 0):
 garbage-first heap   total 65536K, used 24766K [0x0000000080c00000, 0x0000000100000000)
  region size 1024K, 4 young (4096K), 4 survivors (4096K)
 Metaspace       used 33136K, committed 33600K, reserved 1081344K
  class space    used 4675K, committed 4928K, reserved 1048576K
}
Event: 9.939 GC heap before
{Heap before GC invocations=11 (full 0):
 garbage-first heap   total 65536K, used 31934K [0x0000000080c00000, 0x0000000100000000)
  region size 1024K, 13 young (13312K), 4 survivors (4096K)
 Metaspace       used 35557K, committed 35968K, reserved 1081344K
  class space    used 4970K, committed 5184K, reserved 1048576K
}
Event: 9.946 GC heap after
{Heap after GC invocations=12 (full 0):
 garbage-first heap   total 119808K, used 25317K [0x0000000080c00000, 0x0000000100000000)
  region size 1024K, 3 young (3072K), 3 survivors (3072K)
 Metaspace       used 35557K, committed 35968K, reserved 1081344K
  class space    used 4970K, committed 5184K, reserved 1048576K
}
Event: 21.216 GC heap before
{Heap before GC invocations=13 (full 0):
 garbage-first heap   total 96256K, used 79589K [0x0000000080c00000, 0x0000000100000000)
  region size 1024K, 56 young (57344K), 3 survivors (3072K)
 Metaspace       used 38276K, committed 38720K, reserved 1089536K
  class space    used 5387K, committed 5568K, reserved 1048576K
}
Event: 21.230 GC heap after
{Heap after GC invocations=14 (full 0):
 garbage-first heap   total 96256K, used 27650K [0x0000000080c00000, 0x0000000100000000)
  region size 1024K, 5 young (5120K), 5 survivors (5120K)
 Metaspace       used 38276K, committed 38720K, reserved 1089536K
  class space    used 5387K, committed 5568K, reserved 1048576K
}
Event: 23.407 GC heap before
{Heap before GC invocations=15 (full 0):
 garbage-first heap   total 96256K, used 75778K [0x0000000080c00000, 0x0000000100000000)
  region size 1024K, 52 young (53248K), 5 survivors (5120K)
 Metaspace       used 53135K, committed 53632K, reserved 1097728K
  class space    used 7412K, committed 7680K, reserved 1048576K
}
Event: 23.421 GC heap after
{Heap after GC invocations=16 (full 0):
 garbage-first heap   total 96256K, used 30908K [0x0000000080c00000, 0x0000000100000000)
  region size 1024K, 7 young (7168K), 7 survivors (7168K)
 Metaspace       used 53135K, committed 53632K, reserved 1097728K
  class space    used 7412K, committed 7680K, reserved 1048576K
}

