# JRE version: Java(TM) SE Runtime Environment (17.0.6+9) (build 17.0.6+9-LTS-190)
# Java VM: Java HotSpot(TM) 64-Bit Server VM (17.0.6+9-LTS-190, mixed mode, emulated-client, sharing, tiered, compressed oops, compressed class ptrs, g1 gc, windows-amd64)
GC Precious Log:
 CPUs: 4 total, 4 available
 Memory: 8143M
 Large Page Support: Disabled
 NUMA Support: Disabled
 Compressed Oops: Enabled (32-bit)
 Heap Region Size: 1M
 Heap Min Capacity: 8M
 Heap Initial Capacity: 128M
 Heap Max Capacity: 2036M
 Pre-touch: Disabled
 Parallel Workers: 4
 Concurrent Workers: 1
 Concurrent Refinement Workers: 4
 Periodic GC: Disabled
Heap:
 garbage-first heap   total 65536K, used 20959K [0x0000000080c00000, 0x0000000100000000)
  region size 1024K, 2 young (2048K), 2 survivors (2048K)
 Metaspace       used 35687K, committed 36096K, reserved 1081344K
  class space    used 5151K, committed 5376K, reserved 1048576K
GC Heap History (19 events):
Event: 0.598 GC heap before
{Heap before GC invocations=0 (full 0):
 garbage-first heap   total 131072K, used 13312K [0x0000000080c00000, 0x0000000100000000)
  region size 1024K, 13 young (13312K), 0 survivors (0K)
 Metaspace       used 3780K, committed 3904K, reserved 1056768K
  class space    used 459K, committed 512K, reserved 1048576K
}
Event: 0.603 GC heap after
{Heap after GC invocations=1 (full 0):
 garbage-first heap   total 131072K, used 6134K [0x0000000080c00000, 0x0000000100000000)
  region size 1024K, 2 young (2048K), 2 survivors (2048K)
 Metaspace       used 3780K, committed 3904K, reserved 1056768K
  class space    used 459K, committed 512K, reserved 1048576K
}
Event: 0.914 GC heap before
{Heap before GC invocations=1 (full 0):
 garbage-first heap   total 131072K, used 15350K [0x0000000080c00000, 0x0000000100000000)
  region size 1024K, 12 young (12288K), 2 survivors (2048K)
 Metaspace       used 7107K, committed 7232K, reserved 1056768K
  class space    used 908K, committed 960K, reserved 1048576K
}
Event: 0.916 GC heap after
{Heap after GC invocations=2 (full 0):
 garbage-first heap   total 131072K, used 7382K [0x0000000080c00000, 0x0000000100000000)
  region size 1024K, 2 young (2048K), 2 survivors (2048K)
 Metaspace       used 7107K, committed 7232K, reserved 1056768K
  class space    used 908K, committed 960K, reserved 1048576K
}
Event: 2.789 GC heap before
{Heap before GC invocations=2 (full 0):
 garbage-first heap   total 131072K, used 28886K [0x0000000080c00000, 0x0000000100000000)
  region size 1024K, 23 young (23552K), 2 survivors (2048K)
 Metaspace       used 11800K, committed 12096K, reserved 1064960K
  class space    used 1622K, committed 1792K, reserved 1048576K
}
Event: 2.793 GC heap after
{Heap after GC invocations=3 (full 0):
 garbage-first heap   total 131072K, used 9308K [0x0000000080c00000, 0x0000000100000000)
  region size 1024K, 3 young (3072K), 3 survivors (3072K)
 Metaspace       used 11800K, committed 12096K, reserved 1064960K
  class space    used 1622K, committed 1792K, reserved 1048576K
}
Event: 3.541 GC heap before
{Heap before GC invocations=3 (full 0):
 garbage-first heap   total 131072K, used 70748K [0x0000000080c00000, 0x0000000100000000)
  region size 1024K, 65 young (66560K), 3 survivors (3072K)
 Metaspace       used 21252K, committed 21504K, reserved 1073152K
  class space    used 2935K, committed 3072K, reserved 1048576K
}
Event: 3.550 GC heap after
{Heap after GC invocations=4 (full 0):
 garbage-first heap   total 131072K, used 13374K [0x0000000080c00000, 0x0000000100000000)
  region size 1024K, 7 young (7168K), 7 survivors (7168K)
 Metaspace       used 21252K, committed 21504K, reserved 1073152K
  class space    used 2935K, committed 3072K, reserved 1048576K
}
Event: 4.189 GC heap before
{Heap before GC invocations=5 (full 0):
 garbage-first heap   total 51200K, used 37950K [0x0000000080c00000, 0x0000000100000000)
  region size 1024K, 33 young (33792K), 7 survivors (7168K)
 Metaspace       used 25257K, committed 25664K, reserved 1073152K
  class space    used 3594K, committed 3776K, reserved 1048576K
}
Event: 4.204 GC heap after
{Heap after GC invocations=6 (full 0):
 garbage-first heap   total 51200K, used 15735K [0x0000000080c00000, 0x0000000100000000)
  region size 1024K, 7 young (7168K), 7 survivors (7168K)
 Metaspace       used 25257K, committed 25664K, reserved 1073152K
  class space    used 3594K, committed 3776K, reserved 1048576K
}
Event: 4.224 GC heap before
{Heap before GC invocations=6 (full 0):
 garbage-first heap   total 51200K, used 16759K [0x0000000080c00000, 0x0000000100000000)
  region size 1024K, 8 young (8192K), 7 survivors (7168K)
 Metaspace       used 25358K, committed 25728K, reserved 1073152K
  class space    used 3617K, committed 3776K, reserved 1048576K
}
Event: 4.232 GC heap after
{Heap after GC invocations=7 (full 0):
 garbage-first heap   total 51200K, used 15984K [0x0000000080c00000, 0x0000000100000000)
  region size 1024K, 1 young (1024K), 1 survivors (1024K)
 Metaspace       used 25358K, committed 25728K, reserved 1073152K
  class space    used 3617K, committed 3776K, reserved 1048576K
}
Event: 6.085 GC heap before
{Heap before GC invocations=7 (full 0):
 garbage-first heap   total 51200K, used 34416K [0x0000000080c00000, 0x0000000100000000)
  region size 1024K, 20 young (20480K), 1 survivors (1024K)
 Metaspace       used 28191K, committed 28672K, reserved 1073152K
  class space    used 4003K, committed 4224K, reserved 1048576K
}
Event: 6.094 GC heap after
{Heap after GC invocations=8 (full 0):
 garbage-first heap   total 51200K, used 16600K [0x0000000080c00000, 0x0000000100000000)
  region size 1024K, 2 young (2048K), 2 survivors (2048K)
 Metaspace       used 28191K, committed 28672K, reserved 1073152K
  class space    used 4003K, committed 4224K, reserved 1048576K
}
Event: 6.547 GC heap before
{Heap before GC invocations=8 (full 0):
 garbage-first heap   total 51200K, used 36056K [0x0000000080c00000, 0x0000000100000000)
  region size 1024K, 21 young (21504K), 2 survivors (2048K)
 Metaspace       used 30547K, committed 30976K, reserved 1081344K
  class space    used 4382K, committed 4608K, reserved 1048576K
}
Event: 6.553 GC heap after
{Heap after GC invocations=9 (full 0):
 garbage-first heap   total 51200K, used 17866K [0x0000000080c00000, 0x0000000100000000)
  region size 1024K, 3 young (3072K), 3 survivors (3072K)
 Metaspace       used 30547K, committed 30976K, reserved 1081344K
  class space    used 4382K, committed 4608K, reserved 1048576K
}
Event: 7.011 GC heap before
{Heap before GC invocations=9 (full 0):
 garbage-first heap   total 51200K, used 38346K [0x0000000080c00000, 0x0000000100000000)
  region size 1024K, 23 young (23552K), 3 survivors (3072K)
 Metaspace       used 32988K, committed 33408K, reserved 1081344K
  class space    used 4756K, committed 4928K, reserved 1048576K
}
Event: 7.019 GC heap after
{Heap after GC invocations=10 (full 0):
 garbage-first heap   total 51200K, used 19419K [0x0000000080c00000, 0x0000000100000000)
  region size 1024K, 3 young (3072K), 3 survivors (3072K)
 Metaspace       used 32988K, committed 33408K, reserved 1081344K
  class space    used 4756K, committed 4928K, reserved 1048576K
}
Event: 10.335 GC heap before
{Heap before GC invocations=10 (full 0):
 garbage-first heap   total 51200K, used 33755K [0x0000000080c00000, 0x0000000100000000)
  region size 1024K, 18 young (18432K), 3 survivors (3072K)
 Metaspace       used 35687K, committed 36096K, reserved 1081344K
  class space    used 5151K, committed 5376K, reserved 1048576K
}

